<?xml version="1.0" encoding="UTF-8"?>
<!-- Generated by org.testng.reporters.JUnitXMLReporter -->
<testsuite ignored="0" hostname="KRUZ-KUN" failures="0" tests="1" name="ParallelTestingSuite" time="0.098" errors="0" timestamp="2022-07-07T22:02:30 NPT">
  <testcase classname="plentyofJobsAutomationbase.BaseParallelTest" name="@BeforeMethod OpenApplication" time="-1.657210650873E9">
    <failure type="org.testng.TestNGException" message="
Parameter &amp;apos;deviceName&amp;apos; is required by BeforeMethod on method OpenApplication but has not been marked @Optional or defined
in C:\workspace\PlentyofJobs\src\test\resources\TestSuites\ParallelTestSuite.xml">
      <![CDATA[org.testng.TestNGException: 
Parameter 'deviceName' is required by BeforeMethod on method OpenApplication but has not been marked @Optional or defined
in C:\workspace\PlentyofJobs\src\test\resources\TestSuites\ParallelTestSuite.xml
at java.base/java.util.ArrayList.forEach(ArrayList.java:1511)
... Removed 28 stack frames]]>
    </failure>
  </testcase> <!-- @BeforeMethod OpenApplication -->
  <testcase classname="plentyofjobsAutomationTesting.Login1Tests" name="LoginTest" time="0.0">
    <skipped/>
  </testcase> <!-- LoginTest -->
</testsuite> <!-- ParallelTestingSuite -->
